-------------------------------------------------------------------------------
Test set: com.tboat.service.BidderRoleTest
-------------------------------------------------------------------------------
Tests run: 2, Failures: 1, Errors: 0, Skipped: 0, Time elapsed: 0.037 s <<< FAILURE! -- in com.tboat.service.BidderRoleTest
com.tboat.service.BidderRoleTest.testExecute_Success -- Time elapsed: 0.009 s <<< FAILURE!
org.opentest4j.AssertionFailedError: Lệnh đặt giá phải thành công ==> expected: <true> but was: <false>
	at org.junit.jupiter.api.AssertionFailureBuilder.build(AssertionFailureBuilder.java:151)
	at org.junit.jupiter.api.AssertionFailureBuilder.buildAndThrow(AssertionFailureBuilder.java:132)
	at org.junit.jupiter.api.AssertTrue.failNotTrue(AssertTrue.java:63)
	at org.junit.jupiter.api.AssertTrue.assertTrue(AssertTrue.java:36)
	at org.junit.jupiter.api.Assertions.assertTrue(Assertions.java:210)
	at com.tboat.server@1.0-SNAPSHOT/com.tboat.service.BidderRoleTest.testExecute_Success(BidderRoleTest.java:77)
	at java.base/java.lang.reflect.Method.invoke(Method.java:565)
	at java.base/java.util.ArrayList.forEach(ArrayList.java:1604)
	at java.base/java.util.ArrayList.forEach(ArrayList.java:1604)

