<?xml version="1.0" encoding="UTF-8"?>
<testsuite xmlns:xsi="http://www.w3.org/2001/XMLSchema-instance" xsi:noNamespaceSchemaLocation="https://maven.apache.org/surefire/maven-surefire-plugin/xsd/surefire-test-report.xsd" version="3.0.2" name="com.tboat.service.AuctionManagerTest" time="0.033" tests="19" errors="0" skipped="0" failures="0">
  <properties>
[...]
</properties>
  <testcase name="testGetRoom_NotExist_ReturnsNull" classname="com.tboat.service.AuctionManagerTest" time="0.001">
    <system-out><![CDATA[23:34:09.747 [main] INFO  com.tboat.service.AuctionManager - [AuctionManager]: Đã giải phóng phòng 9001 khỏi bộ nhớ.
23:34:09.747 [main] INFO  com.tboat.service.AuctionManager - [AuctionManager]: Đã giải phóng phòng 9002 khỏi bộ nhớ.
23:34:09.747 [main] INFO  com.tboat.service.AuctionManager - [AuctionManager]: Đã giải phóng phòng 9003 khỏi bộ nhớ.
]]></system-out>
  </testcase>
  <testcase name="testCreateRoom_NoBidderInitially" classname="com.tboat.service.AuctionManagerTest" time="0.0">
    <system-out><![CDATA[23:34:09.748 [main] INFO  com.tboat.service.AuctionManager - [AuctionManager]: Đã giải phóng phòng 9001 khỏi bộ nhớ.
23:34:09.748 [main] INFO  com.tboat.service.AuctionManager - [AuctionManager]: Đã giải phóng phòng 9002 khỏi bộ nhớ.
23:34:09.748 [main] INFO  com.tboat.service.AuctionManager - [AuctionManager]: Đã giải phóng phòng 9003 khỏi bộ nhớ.
]]></system-out>
  </testcase>
  <testcase name="testCreateAndGet_InitialPriceMatches" classname="com.tboat.service.AuctionManagerTest" time="0.0">
    <system-out><![CDATA[23:34:09.749 [main] INFO  com.tboat.service.AuctionManager - [AuctionManager]: Đã giải phóng phòng 9001 khỏi bộ nhớ.
23:34:09.749 [main] INFO  com.tboat.service.AuctionManager - [AuctionManager]: Đã giải phóng phòng 9002 khỏi bộ nhớ.
23:34:09.749 [main] INFO  com.tboat.service.AuctionManager - [AuctionManager]: Đã giải phóng phòng 9003 khỏi bộ nhớ.
]]></system-out>
  </testcase>
  <testcase name="testCreateRoom_AfterRemove_CreatesNew" classname="com.tboat.service.AuctionManagerTest" time="0.001">
    <system-out><![CDATA[23:34:09.751 [main] INFO  com.tboat.service.AuctionManager - [AuctionManager]: Đã giải phóng phòng 9001 khỏi bộ nhớ.
23:34:09.751 [main] INFO  com.tboat.service.AuctionManager - [AuctionManager]: Đã giải phóng phòng 9001 khỏi bộ nhớ.
23:34:09.751 [main] INFO  com.tboat.service.AuctionManager - [AuctionManager]: Đã giải phóng phòng 9002 khỏi bộ nhớ.
23:34:09.751 [main] INFO  com.tboat.service.AuctionManager - [AuctionManager]: Đã giải phóng phòng 9003 khỏi bộ nhớ.
]]></system-out>
  </testcase>
  <testcase name="testRemoveRoom_NegativeId_NoThrow" classname="com.tboat.service.AuctionManagerTest" time="0.001">
    <system-out><![CDATA[23:34:09.753 [main] INFO  com.tboat.service.AuctionManager - [AuctionManager]: Đã giải phóng phòng -1 khỏi bộ nhớ.
23:34:09.753 [main] INFO  com.tboat.service.AuctionManager - [AuctionManager]: Đã giải phóng phòng 9001 khỏi bộ nhớ.
23:34:09.753 [main] INFO  com.tboat.service.AuctionManager - [AuctionManager]: Đã giải phóng phòng 9002 khỏi bộ nhớ.
23:34:09.753 [main] INFO  com.tboat.service.AuctionManager - [AuctionManager]: Đã giải phóng phòng 9003 khỏi bộ nhớ.
]]></system-out>
  </testcase>
  <testcase name="testCreateRoom_NegativePrice_Allowed" classname="com.tboat.service.AuctionManagerTest" time="0.001">
    <system-out><![CDATA[23:34:09.754 [main] INFO  com.tboat.service.AuctionManager - [AuctionManager]: Đã giải phóng phòng 9001 khỏi bộ nhớ.
23:34:09.754 [main] INFO  com.tboat.service.AuctionManager - [AuctionManager]: Đã giải phóng phòng 9002 khỏi bộ nhớ.
23:34:09.754 [main] INFO  com.tboat.service.AuctionManager - [AuctionManager]: Đã giải phóng phòng 9003 khỏi bộ nhớ.
]]></system-out>
  </testcase>
  <testcase name="testMultipleRooms_AllExistIndependently" classname="com.tboat.service.AuctionManagerTest" time="0.002">
    <system-out><![CDATA[23:34:09.756 [main] INFO  com.tboat.service.AuctionManager - [AuctionManager]: Đã giải phóng phòng 9001 khỏi bộ nhớ.
23:34:09.757 [main] INFO  com.tboat.service.AuctionManager - [AuctionManager]: Đã giải phóng phòng 9002 khỏi bộ nhớ.
23:34:09.757 [main] INFO  com.tboat.service.AuctionManager - [AuctionManager]: Đã giải phóng phòng 9003 khỏi bộ nhớ.
]]></system-out>
  </testcase>
  <testcase name="testCreateRoom_Duplicate_KeepsOriginal" classname="com.tboat.service.AuctionManagerTest" time="0.001">
    <system-out><![CDATA[23:34:09.758 [main] INFO  com.tboat.service.AuctionManager - [AuctionManager]: Đã giải phóng phòng 9001 khỏi bộ nhớ.
23:34:09.758 [main] INFO  com.tboat.service.AuctionManager - [AuctionManager]: Đã giải phóng phòng 9002 khỏi bộ nhớ.
23:34:09.758 [main] INFO  com.tboat.service.AuctionManager - [AuctionManager]: Đã giải phóng phòng 9003 khỏi bộ nhớ.
]]></system-out>
  </testcase>
  <testcase name="testSingleton_NotNull" classname="com.tboat.service.AuctionManagerTest" time="0.001">
    <system-out><![CDATA[23:34:09.760 [main] INFO  com.tboat.service.AuctionManager - [AuctionManager]: Đã giải phóng phòng 9001 khỏi bộ nhớ.
23:34:09.760 [main] INFO  com.tboat.service.AuctionManager - [AuctionManager]: Đã giải phóng phòng 9002 khỏi bộ nhớ.
23:34:09.760 [main] INFO  com.tboat.service.AuctionManager - [AuctionManager]: Đã giải phóng phòng 9003 khỏi bộ nhớ.
]]></system-out>
  </testcase>
  <testcase name="testRemoveRoom_CalledTwice_NoThrow" classname="com.tboat.service.AuctionManagerTest" time="0.002">
    <system-out><![CDATA[23:34:09.762 [main] INFO  com.tboat.service.AuctionManager - [AuctionManager]: Đã giải phóng phòng 9001 khỏi bộ nhớ.
23:34:09.763 [main] INFO  com.tboat.service.AuctionManager - [AuctionManager]: Đã giải phóng phòng 9001 khỏi bộ nhớ.
23:34:09.763 [main] INFO  com.tboat.service.AuctionManager - [AuctionManager]: Đã giải phóng phòng 9001 khỏi bộ nhớ.
23:34:09.763 [main] INFO  com.tboat.service.AuctionManager - [AuctionManager]: Đã giải phóng phòng 9002 khỏi bộ nhớ.
23:34:09.763 [main] INFO  com.tboat.service.AuctionManager - [AuctionManager]: Đã giải phóng phòng 9003 khỏi bộ nhớ.
]]></system-out>
  </testcase>
  <testcase name="testSingleton_SameInstance" classname="com.tboat.service.AuctionManagerTest" time="0.001">
    <system-out><![CDATA[23:34:09.765 [main] INFO  com.tboat.service.AuctionManager - [AuctionManager]: Đã giải phóng phòng 9001 khỏi bộ nhớ.
23:34:09.765 [main] INFO  com.tboat.service.AuctionManager - [AuctionManager]: Đã giải phóng phòng 9002 khỏi bộ nhớ.
23:34:09.765 [main] INFO  com.tboat.service.AuctionManager - [AuctionManager]: Đã giải phóng phòng 9003 khỏi bộ nhớ.
]]></system-out>
  </testcase>
  <testcase name="testRemoveRoom_NotExist_NoThrow" classname="com.tboat.service.AuctionManagerTest" time="0.003">
    <system-out><![CDATA[23:34:09.768 [main] INFO  com.tboat.service.AuctionManager - [AuctionManager]: Đã giải phóng phòng 99999 khỏi bộ nhớ.
23:34:09.768 [main] INFO  com.tboat.service.AuctionManager - [AuctionManager]: Đã giải phóng phòng 9001 khỏi bộ nhớ.
23:34:09.768 [main] INFO  com.tboat.service.AuctionManager - [AuctionManager]: Đã giải phóng phòng 9002 khỏi bộ nhớ.
23:34:09.768 [main] INFO  com.tboat.service.AuctionManager - [AuctionManager]: Đã giải phóng phòng 9003 khỏi bộ nhớ.
]]></system-out>
  </testcase>
  <testcase name="testRemoveRoom_AfterCreate_ReturnsNull" classname="com.tboat.service.AuctionManagerTest" time="0.001">
    <system-out><![CDATA[23:34:09.770 [main] INFO  com.tboat.service.AuctionManager - [AuctionManager]: Đã giải phóng phòng 9001 khỏi bộ nhớ.
23:34:09.770 [main] INFO  com.tboat.service.AuctionManager - [AuctionManager]: Đã giải phóng phòng 9001 khỏi bộ nhớ.
23:34:09.770 [main] INFO  com.tboat.service.AuctionManager - [AuctionManager]: Đã giải phóng phòng 9002 khỏi bộ nhớ.
23:34:09.770 [main] INFO  com.tboat.service.AuctionManager - [AuctionManager]: Đã giải phóng phòng 9003 khỏi bộ nhớ.
]]></system-out>
  </testcase>
  <testcase name="testGetRoom_NegativeId_ReturnsNull" classname="com.tboat.service.AuctionManagerTest" time="0.002">
    <system-out><![CDATA[23:34:09.771 [main] INFO  com.tboat.service.AuctionManager - [AuctionManager]: Đã giải phóng phòng 9001 khỏi bộ nhớ.
23:34:09.771 [main] INFO  com.tboat.service.AuctionManager - [AuctionManager]: Đã giải phóng phòng 9002 khỏi bộ nhớ.
23:34:09.771 [main] INFO  com.tboat.service.AuctionManager - [AuctionManager]: Đã giải phóng phòng 9003 khỏi bộ nhớ.
]]></system-out>
  </testcase>
  <testcase name="testRemoveRoom_OneOfThree_OthersIntact" classname="com.tboat.service.AuctionManagerTest" time="0.001">
    <system-out><![CDATA[23:34:09.772 [main] INFO  com.tboat.service.AuctionManager - [AuctionManager]: Đã giải phóng phòng 9002 khỏi bộ nhớ.
23:34:09.772 [main] INFO  com.tboat.service.AuctionManager - [AuctionManager]: Đã giải phóng phòng 9001 khỏi bộ nhớ.
23:34:09.772 [main] INFO  com.tboat.service.AuctionManager - [AuctionManager]: Đã giải phóng phòng 9002 khỏi bộ nhớ.
23:34:09.772 [main] INFO  com.tboat.service.AuctionManager - [AuctionManager]: Đã giải phóng phòng 9003 khỏi bộ nhớ.
]]></system-out>
  </testcase>
  <testcase name="testCreateRoom_Duplicate_OneRoomOnly" classname="com.tboat.service.AuctionManagerTest" time="0.001">
    <system-out><![CDATA[23:34:09.774 [main] INFO  com.tboat.service.AuctionManager - [AuctionManager]: Đã giải phóng phòng 9001 khỏi bộ nhớ.
23:34:09.774 [main] INFO  com.tboat.service.AuctionManager - [AuctionManager]: Đã giải phóng phòng 9002 khỏi bộ nhớ.
23:34:09.774 [main] INFO  com.tboat.service.AuctionManager - [AuctionManager]: Đã giải phóng phòng 9003 khỏi bộ nhớ.
]]></system-out>
  </testcase>
  <testcase name="testCreateRoom_NotFinishedInitially" classname="com.tboat.service.AuctionManagerTest" time="0.001">
    <system-out><![CDATA[23:34:09.776 [main] INFO  com.tboat.service.AuctionManager - [AuctionManager]: Đã giải phóng phòng 9001 khỏi bộ nhớ.
23:34:09.776 [main] INFO  com.tboat.service.AuctionManager - [AuctionManager]: Đã giải phóng phòng 9002 khỏi bộ nhớ.
23:34:09.776 [main] INFO  com.tboat.service.AuctionManager - [AuctionManager]: Đã giải phóng phòng 9003 khỏi bộ nhớ.
]]></system-out>
  </testcase>
  <testcase name="testCreateRoom_ZeroPrice_Allowed" classname="com.tboat.service.AuctionManagerTest" time="0.001">
    <system-out><![CDATA[23:34:09.777 [main] INFO  com.tboat.service.AuctionManager - [AuctionManager]: Đã giải phóng phòng 9001 khỏi bộ nhớ.
23:34:09.777 [main] INFO  com.tboat.service.AuctionManager - [AuctionManager]: Đã giải phóng phòng 9002 khỏi bộ nhớ.
23:34:09.777 [main] INFO  com.tboat.service.AuctionManager - [AuctionManager]: Đã giải phóng phòng 9003 khỏi bộ nhớ.
]]></system-out>
  </testcase>
  <testcase name="testCreateAndGet_SessionIdMatches" classname="com.tboat.service.AuctionManagerTest" time="0.002">
    <system-out><![CDATA[23:34:09.778 [main] INFO  com.tboat.service.AuctionManager - [AuctionManager]: Đã giải phóng phòng 9001 khỏi bộ nhớ.
23:34:09.779 [main] INFO  com.tboat.service.AuctionManager - [AuctionManager]: Đã giải phóng phòng 9002 khỏi bộ nhớ.
23:34:09.779 [main] INFO  com.tboat.service.AuctionManager - [AuctionManager]: Đã giải phóng phòng 9003 khỏi bộ nhớ.
]]></system-out>
  </testcase>
</testsuite>